<?xml version="1.0" encoding="UTF-8"?>
<robot generator="Robot 3.2.1 (Python 3.8.1 on win32)" generated="20200722 00:34:22.039" rpa="false">
<suite id="s1" name="TestSuite1" source="C:\Users\Raviraj\eclipse-workspace\RobotProject1\test\TestSuite1.robot">
<kw name="Log" library="BuiltIn" type="setup">
<doc>Logs the given message with the given level.</doc>
<arguments>
<arg>I am inside Test Suite Setup</arg>
</arguments>
<msg timestamp="20200722 00:34:22.586" level="INFO">I am inside Test Suite Setup</msg>
<status status="PASS" starttime="20200722 00:34:22.586" endtime="20200722 00:34:22.586"></status>
</kw>
<test id="s1-t1" name="MyFirstTest">
<kw name="Log" library="BuiltIn" type="setup">
<doc>Logs the given message with the given level.</doc>
<arguments>
<arg>I am inside Test Setup</arg>
</arguments>
<msg timestamp="20200722 00:34:22.586" level="INFO">I am inside Test Setup</msg>
<status status="PASS" starttime="20200722 00:34:22.586" endtime="20200722 00:34:22.586"></status>
</kw>
<kw name="Log" library="BuiltIn">
<doc>Logs the given message with the given level.</doc>
<arguments>
<arg>Hello World...</arg>
</arguments>
<msg timestamp="20200722 00:34:22.586" level="INFO">Hello World...</msg>
<status status="PASS" starttime="20200722 00:34:22.586" endtime="20200722 00:34:22.586"></status>
</kw>
<kw name="Log" library="BuiltIn" type="teardown">
<doc>Logs the given message with the given level.</doc>
<arguments>
<arg>I am inside Test Teardown</arg>
</arguments>
<msg timestamp="20200722 00:34:22.586" level="INFO">I am inside Test Teardown</msg>
<status status="PASS" starttime="20200722 00:34:22.586" endtime="20200722 00:34:22.586"></status>
</kw>
<tags>
<tag>smoke</tag>
</tags>
<status status="PASS" starttime="20200722 00:34:22.586" endtime="20200722 00:34:22.586" critical="yes"></status>
</test>
<test id="s1-t2" name="MySecondTest">
<kw name="Log" library="BuiltIn" type="setup">
<doc>Logs the given message with the given level.</doc>
<arguments>
<arg>I am inside Test Setup</arg>
</arguments>
<msg timestamp="20200722 00:34:22.586" level="INFO">I am inside Test Setup</msg>
<status status="PASS" starttime="20200722 00:34:22.586" endtime="20200722 00:34:22.586"></status>
</kw>
<kw name="Log" library="BuiltIn">
<doc>Logs the given message with the given level.</doc>
<arguments>
<arg>I am inside 2nd test</arg>
</arguments>
<msg timestamp="20200722 00:34:22.586" level="INFO">I am inside 2nd test</msg>
<status status="PASS" starttime="20200722 00:34:22.586" endtime="20200722 00:34:22.601"></status>
</kw>
<kw name="Set Tags" library="BuiltIn">
<doc>Adds given ``tags`` for the current test or all tests in a suite.</doc>
<arguments>
<arg>regression1</arg>
</arguments>
<msg timestamp="20200722 00:34:22.601" level="INFO">Set tag 'regression1'.</msg>
<status status="PASS" starttime="20200722 00:34:22.601" endtime="20200722 00:34:22.601"></status>
</kw>
<kw name="Remove Tags" library="BuiltIn">
<doc>Removes given ``tags`` from the current test or all tests in a suite.</doc>
<arguments>
<arg>regression1</arg>
</arguments>
<msg timestamp="20200722 00:34:22.601" level="INFO">Removed tag 'regression1'.</msg>
<status status="PASS" starttime="20200722 00:34:22.601" endtime="20200722 00:34:22.601"></status>
</kw>
<kw name="Log" library="BuiltIn" type="teardown">
<doc>Logs the given message with the given level.</doc>
<arguments>
<arg>I am inside Test Teardown</arg>
</arguments>
<msg timestamp="20200722 00:34:22.601" level="INFO">I am inside Test Teardown</msg>
<status status="PASS" starttime="20200722 00:34:22.601" endtime="20200722 00:34:22.601"></status>
</kw>
<tags>
<tag>sanity</tag>
</tags>
<status status="PASS" starttime="20200722 00:34:22.586" endtime="20200722 00:34:22.601" critical="yes"></status>
</test>
<test id="s1-t3" name="MyThirdTest">
<kw name="Log" library="BuiltIn" type="setup">
<doc>Logs the given message with the given level.</doc>
<arguments>
<arg>I am inside Test Setup</arg>
</arguments>
<msg timestamp="20200722 00:34:22.601" level="INFO">I am inside Test Setup</msg>
<status status="PASS" starttime="20200722 00:34:22.601" endtime="20200722 00:34:22.601"></status>
</kw>
<kw name="Log" library="BuiltIn">
<doc>Logs the given message with the given level.</doc>
<arguments>
<arg>I am inside 3rd test</arg>
</arguments>
<msg timestamp="20200722 00:34:22.601" level="INFO">I am inside 3rd test</msg>
<status status="PASS" starttime="20200722 00:34:22.601" endtime="20200722 00:34:22.601"></status>
</kw>
<kw name="Log" library="BuiltIn" type="teardown">
<doc>Logs the given message with the given level.</doc>
<arguments>
<arg>I am inside Test Teardown</arg>
</arguments>
<msg timestamp="20200722 00:34:22.601" level="INFO">I am inside Test Teardown</msg>
<status status="PASS" starttime="20200722 00:34:22.601" endtime="20200722 00:34:22.601"></status>
</kw>
<tags>
<tag>sanity</tag>
</tags>
<status status="PASS" starttime="20200722 00:34:22.601" endtime="20200722 00:34:22.601" critical="yes"></status>
</test>
<kw name="Log" library="BuiltIn" type="teardown">
<doc>Logs the given message with the given level.</doc>
<arguments>
<arg>I am inside Test Suite Teardowwn</arg>
</arguments>
<msg timestamp="20200722 00:34:22.601" level="INFO">I am inside Test Suite Teardowwn</msg>
<status status="PASS" starttime="20200722 00:34:22.601" endtime="20200722 00:34:22.601"></status>
</kw>
<status status="PASS" starttime="20200722 00:34:22.039" endtime="20200722 00:34:22.601"></status>
</suite>
<statistics>
<total>
<stat pass="3" fail="0">Critical Tests</stat>
<stat pass="3" fail="0">All Tests</stat>
</total>
<tag>
<stat pass="2" fail="0">sanity</stat>
<stat pass="1" fail="0">smoke</stat>
</tag>
<suite>
<stat pass="3" fail="0" id="s1" name="TestSuite1">TestSuite1</stat>
</suite>
</statistics>
<errors>
</errors>
</robot>
